  mainFortniteHouse.cpp
C:\Users\Angel\Desktop\LabCGEIHM\PROYECTOFINAL\FortniteHouse-OpenGL\openGL\Practica8\mainFortniteHouse.cpp(23,16): warning C4305: 'inicializando': truncamiento de 'double' a 'float'
C:\Users\Angel\Desktop\LabCGEIHM\PROYECTOFINAL\FortniteHouse-OpenGL\openGL\Practica8\mainFortniteHouse.cpp(24,20): warning C4305: 'inicializando': truncamiento de 'double' a 'float'
C:\Users\Angel\Desktop\LabCGEIHM\PROYECTOFINAL\FortniteHouse-OpenGL\openGL\Practica8\mainFortniteHouse.cpp(25,20): warning C4305: 'inicializando': truncamiento de 'double' a 'float'
C:\Users\Angel\Desktop\LabCGEIHM\PROYECTOFINAL\FortniteHouse-OpenGL\openGL\Practica8\mainFortniteHouse.cpp(26,20): warning C4305: 'inicializando': truncamiento de 'double' a 'float'
C:\Users\Angel\Desktop\LabCGEIHM\PROYECTOFINAL\FortniteHouse-OpenGL\openGL\Practica8\mainFortniteHouse.cpp(27,20): warning C4305: 'inicializando': truncamiento de 'double' a 'float'
C:\Users\Angel\Desktop\LabCGEIHM\PROYECTOFINAL\FortniteHouse-OpenGL\openGL\Practica8\mainFortniteHouse.cpp(28,20): warning C4305: 'inicializando': truncamiento de 'double' a 'float'
C:\Users\Angel\Desktop\LabCGEIHM\PROYECTOFINAL\FortniteHouse-OpenGL\openGL\Practica8\mainFortniteHouse.cpp(29,20): warning C4305: 'inicializando': truncamiento de 'double' a 'float'
C:\Users\Angel\Desktop\LabCGEIHM\PROYECTOFINAL\FortniteHouse-OpenGL\openGL\Practica8\mainFortniteHouse.cpp(120,30): warning C4244: 'inicializando': conversión de 'double' a 'GLfloat'; posible pérdida de datos
C:\Users\Angel\Desktop\LabCGEIHM\PROYECTOFINAL\FortniteHouse-OpenGL\openGL\Practica8\mainFortniteHouse.cpp(232,21): warning C4305: '=': truncamiento de 'double' a 'float'
C:\Users\Angel\Desktop\LabCGEIHM\PROYECTOFINAL\FortniteHouse-OpenGL\openGL\Practica8\mainFortniteHouse.cpp(233,21): warning C4305: '=': truncamiento de 'double' a 'float'
C:\Users\Angel\Desktop\LabCGEIHM\PROYECTOFINAL\FortniteHouse-OpenGL\openGL\Practica8\mainFortniteHouse.cpp(234,21): warning C4305: '=': truncamiento de 'double' a 'float'
C:\Users\Angel\Desktop\LabCGEIHM\PROYECTOFINAL\FortniteHouse-OpenGL\openGL\Practica8\mainFortniteHouse.cpp(235,21): warning C4305: '=': truncamiento de 'double' a 'float'
C:\Users\Angel\Desktop\LabCGEIHM\PROYECTOFINAL\FortniteHouse-OpenGL\openGL\Practica8\mainFortniteHouse.cpp(236,21): warning C4305: '=': truncamiento de 'double' a 'float'
C:\Users\Angel\Desktop\LabCGEIHM\PROYECTOFINAL\FortniteHouse-OpenGL\openGL\Practica8\mainFortniteHouse.cpp(237,21): warning C4305: '=': truncamiento de 'double' a 'float'
C:\Users\Angel\Desktop\LabCGEIHM\PROYECTOFINAL\FortniteHouse-OpenGL\openGL\Practica8\mainFortniteHouse.cpp(243,21): warning C4305: '=': truncamiento de 'double' a 'float'
C:\Users\Angel\Desktop\LabCGEIHM\PROYECTOFINAL\FortniteHouse-OpenGL\openGL\Practica8\mainFortniteHouse.cpp(245,21): warning C4305: '=': truncamiento de 'double' a 'float'
C:\Users\Angel\Desktop\LabCGEIHM\PROYECTOFINAL\FortniteHouse-OpenGL\openGL\Practica8\mainFortniteHouse.cpp(246,21): warning C4305: '=': truncamiento de 'double' a 'float'
C:\Users\Angel\Desktop\LabCGEIHM\PROYECTOFINAL\FortniteHouse-OpenGL\openGL\Practica8\mainFortniteHouse.cpp(247,21): warning C4305: '=': truncamiento de 'double' a 'float'
C:\Users\Angel\Desktop\LabCGEIHM\PROYECTOFINAL\FortniteHouse-OpenGL\openGL\Practica8\mainFortniteHouse.cpp(248,21): warning C4305: '=': truncamiento de 'double' a 'float'
C:\Users\Angel\Desktop\LabCGEIHM\PROYECTOFINAL\FortniteHouse-OpenGL\openGL\Practica8\mainFortniteHouse.cpp(249,21): warning C4305: '=': truncamiento de 'double' a 'float'
C:\Users\Angel\Desktop\LabCGEIHM\PROYECTOFINAL\FortniteHouse-OpenGL\openGL\Practica8\mainFortniteHouse.cpp(253,21): warning C4305: '=': truncamiento de 'double' a 'float'
C:\Users\Angel\Desktop\LabCGEIHM\PROYECTOFINAL\FortniteHouse-OpenGL\openGL\Practica8\mainFortniteHouse.cpp(254,21): warning C4305: '=': truncamiento de 'double' a 'float'
C:\Users\Angel\Desktop\LabCGEIHM\PROYECTOFINAL\FortniteHouse-OpenGL\openGL\Practica8\mainFortniteHouse.cpp(256,21): warning C4305: '=': truncamiento de 'double' a 'float'
C:\Users\Angel\Desktop\LabCGEIHM\PROYECTOFINAL\FortniteHouse-OpenGL\openGL\Practica8\mainFortniteHouse.cpp(257,21): warning C4305: '=': truncamiento de 'double' a 'float'
C:\Users\Angel\Desktop\LabCGEIHM\PROYECTOFINAL\FortniteHouse-OpenGL\openGL\Practica8\mainFortniteHouse.cpp(258,21): warning C4305: '=': truncamiento de 'double' a 'float'
C:\Users\Angel\Desktop\LabCGEIHM\PROYECTOFINAL\FortniteHouse-OpenGL\openGL\Practica8\mainFortniteHouse.cpp(259,21): warning C4305: '=': truncamiento de 'double' a 'float'
C:\Users\Angel\Desktop\LabCGEIHM\PROYECTOFINAL\FortniteHouse-OpenGL\openGL\Practica8\mainFortniteHouse.cpp(263,21): warning C4305: '=': truncamiento de 'double' a 'float'
C:\Users\Angel\Desktop\LabCGEIHM\PROYECTOFINAL\FortniteHouse-OpenGL\openGL\Practica8\mainFortniteHouse.cpp(264,21): warning C4305: '=': truncamiento de 'double' a 'float'
C:\Users\Angel\Desktop\LabCGEIHM\PROYECTOFINAL\FortniteHouse-OpenGL\openGL\Practica8\mainFortniteHouse.cpp(265,21): warning C4305: '=': truncamiento de 'double' a 'float'
C:\Users\Angel\Desktop\LabCGEIHM\PROYECTOFINAL\FortniteHouse-OpenGL\openGL\Practica8\mainFortniteHouse.cpp(267,21): warning C4305: '=': truncamiento de 'double' a 'float'
C:\Users\Angel\Desktop\LabCGEIHM\PROYECTOFINAL\FortniteHouse-OpenGL\openGL\Practica8\mainFortniteHouse.cpp(268,21): warning C4305: '=': truncamiento de 'double' a 'float'
C:\Users\Angel\Desktop\LabCGEIHM\PROYECTOFINAL\FortniteHouse-OpenGL\openGL\Practica8\mainFortniteHouse.cpp(269,21): warning C4305: '=': truncamiento de 'double' a 'float'
C:\Users\Angel\Desktop\LabCGEIHM\PROYECTOFINAL\FortniteHouse-OpenGL\openGL\Practica8\mainFortniteHouse.cpp(273,21): warning C4305: '=': truncamiento de 'double' a 'float'
C:\Users\Angel\Desktop\LabCGEIHM\PROYECTOFINAL\FortniteHouse-OpenGL\openGL\Practica8\mainFortniteHouse.cpp(274,21): warning C4305: '=': truncamiento de 'double' a 'float'
C:\Users\Angel\Desktop\LabCGEIHM\PROYECTOFINAL\FortniteHouse-OpenGL\openGL\Practica8\mainFortniteHouse.cpp(275,21): warning C4305: '=': truncamiento de 'double' a 'float'
C:\Users\Angel\Desktop\LabCGEIHM\PROYECTOFINAL\FortniteHouse-OpenGL\openGL\Practica8\mainFortniteHouse.cpp(276,21): warning C4305: '=': truncamiento de 'double' a 'float'
C:\Users\Angel\Desktop\LabCGEIHM\PROYECTOFINAL\FortniteHouse-OpenGL\openGL\Practica8\mainFortniteHouse.cpp(278,21): warning C4305: '=': truncamiento de 'double' a 'float'
C:\Users\Angel\Desktop\LabCGEIHM\PROYECTOFINAL\FortniteHouse-OpenGL\openGL\Practica8\mainFortniteHouse.cpp(279,21): warning C4305: '=': truncamiento de 'double' a 'float'
C:\Users\Angel\Desktop\LabCGEIHM\PROYECTOFINAL\FortniteHouse-OpenGL\openGL\Practica8\mainFortniteHouse.cpp(283,21): warning C4305: '=': truncamiento de 'double' a 'float'
C:\Users\Angel\Desktop\LabCGEIHM\PROYECTOFINAL\FortniteHouse-OpenGL\openGL\Practica8\mainFortniteHouse.cpp(284,21): warning C4305: '=': truncamiento de 'double' a 'float'
C:\Users\Angel\Desktop\LabCGEIHM\PROYECTOFINAL\FortniteHouse-OpenGL\openGL\Practica8\mainFortniteHouse.cpp(285,21): warning C4305: '=': truncamiento de 'double' a 'float'
C:\Users\Angel\Desktop\LabCGEIHM\PROYECTOFINAL\FortniteHouse-OpenGL\openGL\Practica8\mainFortniteHouse.cpp(286,21): warning C4305: '=': truncamiento de 'double' a 'float'
C:\Users\Angel\Desktop\LabCGEIHM\PROYECTOFINAL\FortniteHouse-OpenGL\openGL\Practica8\mainFortniteHouse.cpp(287,21): warning C4305: '=': truncamiento de 'double' a 'float'
C:\Users\Angel\Desktop\LabCGEIHM\PROYECTOFINAL\FortniteHouse-OpenGL\openGL\Practica8\mainFortniteHouse.cpp(289,21): warning C4305: '=': truncamiento de 'double' a 'float'
C:\Users\Angel\Desktop\LabCGEIHM\PROYECTOFINAL\FortniteHouse-OpenGL\openGL\Practica8\mainFortniteHouse.cpp(293,21): warning C4305: '=': truncamiento de 'double' a 'float'
C:\Users\Angel\Desktop\LabCGEIHM\PROYECTOFINAL\FortniteHouse-OpenGL\openGL\Practica8\mainFortniteHouse.cpp(294,21): warning C4305: '=': truncamiento de 'double' a 'float'
C:\Users\Angel\Desktop\LabCGEIHM\PROYECTOFINAL\FortniteHouse-OpenGL\openGL\Practica8\mainFortniteHouse.cpp(295,21): warning C4305: '=': truncamiento de 'double' a 'float'
C:\Users\Angel\Desktop\LabCGEIHM\PROYECTOFINAL\FortniteHouse-OpenGL\openGL\Practica8\mainFortniteHouse.cpp(296,21): warning C4305: '=': truncamiento de 'double' a 'float'
C:\Users\Angel\Desktop\LabCGEIHM\PROYECTOFINAL\FortniteHouse-OpenGL\openGL\Practica8\mainFortniteHouse.cpp(297,21): warning C4305: '=': truncamiento de 'double' a 'float'
C:\Users\Angel\Desktop\LabCGEIHM\PROYECTOFINAL\FortniteHouse-OpenGL\openGL\Practica8\mainFortniteHouse.cpp(298,21): warning C4305: '=': truncamiento de 'double' a 'float'
C:\Users\Angel\Desktop\LabCGEIHM\PROYECTOFINAL\FortniteHouse-OpenGL\openGL\Practica8\mainFortniteHouse.cpp(328,17): warning C4244: '=': conversión de 'double' a 'GLfloat'; posible pérdida de datos
C:\Users\Angel\Desktop\LabCGEIHM\PROYECTOFINAL\FortniteHouse-OpenGL\openGL\Practica8\mainFortniteHouse.cpp(329,17): warning C4244: '=': conversión de 'double' a 'GLfloat'; posible pérdida de datos
C:\Users\Angel\Desktop\LabCGEIHM\PROYECTOFINAL\FortniteHouse-OpenGL\openGL\Practica8\mainFortniteHouse.cpp(333,21): warning C4244: 'inicializando': conversión de 'double' a 'GLfloat'; posible pérdida de datos
C:\Users\Angel\Desktop\LabCGEIHM\PROYECTOFINAL\FortniteHouse-OpenGL\openGL\Practica8\mainFortniteHouse.cpp(334,21): warning C4244: 'inicializando': conversión de 'double' a 'GLfloat'; posible pérdida de datos
C:\Users\Angel\Desktop\LabCGEIHM\PROYECTOFINAL\FortniteHouse-OpenGL\openGL\Practica8\mainFortniteHouse.cpp(336,13): warning C4244: '=': conversión de 'double' a 'GLfloat'; posible pérdida de datos
C:\Users\Angel\Desktop\LabCGEIHM\PROYECTOFINAL\FortniteHouse-OpenGL\openGL\Practica8\mainFortniteHouse.cpp(337,13): warning C4244: '=': conversión de 'double' a 'GLfloat'; posible pérdida de datos
  Practica8.vcxproj -> C:\Users\Angel\Desktop\LabCGEIHM\PROYECTOFINAL\FortniteHouse-OpenGL\openGL\Debug\Practica8.exe
